<?xml version="1.0" encoding="UTF-8"?>
<testsuite xmlns:xsi="http://www.w3.org/2001/XMLSchema-instance" xsi:noNamespaceSchemaLocation="https://maven.apache.org/surefire/maven-surefire-plugin/xsd/surefire-test-report.xsd" name="tests.PetStoreTests" time="15.15" tests="6" errors="0" skipped="0" failures="0">
  <properties>
[...]
</properties>
  <testcase name="testFindPetById{String, int, int}[1]" classname="tests.PetStoreTests" time="6.604"/>
  <testcase name="testCreatePet{String, int, String}[1]" classname="tests.PetStoreTests" time="1.528"/>
  <testcase name="testCreatePet{String, int, String}[2]" classname="tests.PetStoreTests" time="1.41"/>
  <testcase name="testFindPetByStatus{String, int, String}[1]" classname="tests.PetStoreTests" time="2.255"/>
  <testcase name="testFindPetByStatus{String, int, String}[2]" classname="tests.PetStoreTests" time="1.449"/>
  <testcase name="testFindPetByStatus{String, int, String}[3]" classname="tests.PetStoreTests" time="1.362"/>
</testsuite>